TestNewAssets/Temp/gradleOut/build/outputs/logs/manifest-merger-release-report.txt
-- Merging decision tree log ---
manifest
ADDED from src\main\AndroidManifest.xml:2:1-70:12
INJECTED from src\main\AndroidManifest.xml:2:1-70:12
INJECTED from src\main\AndroidManifest.xml:2:1-70:12
INJECTED from src\main\AndroidManifest.xml:2:1-70:12
MERGED from [:androidgoodieslib-release:] AndroidManifest.xml:2:1-19:12
MERGED from [:FFmpegAndroid-0.3.2:] AndroidManifest.xml:2:1-14:12
MERGED from [:unity-android-resources] AndroidManifest.xml:2:1-9:12
INJECTED from src\main\AndroidManifest.xml:2:1-70:12
INJECTED from src\main\AndroidManifest.xml:2:1-70:12
INJECTED from src\main\AndroidManifest.xml:2:1-70:12
	package
		ADDED from src\main\AndroidManifest.xml:2:70-104
		INJECTED from src\main\AndroidManifest.xml
		INJECTED from src\main\AndroidManifest.xml
	android:versionName
		ADDED from src\main\AndroidManifest.xml:2:105-130
		INJECTED from src\main\AndroidManifest.xml
		INJECTED from src\main\AndroidManifest.xml
	xmlns:android
		ADDED from src\main\AndroidManifest.xml:2:11-69
	android:versionCode
		ADDED from src\main\AndroidManifest.xml:2:131-154
		INJECTED from src\main\AndroidManifest.xml
		INJECTED from src\main\AndroidManifest.xml
	android:installLocation
		ADDED from src\main\AndroidManifest.xml:2:155-195
supports-screens
ADDED from src\main\AndroidManifest.xml:3:3-163
	android:largeScreens
		ADDED from src\main\AndroidManifest.xml:3:78-105
	android:smallScreens
		ADDED from src\main\AndroidManifest.xml:3:21-48
	android:normalScreens
		ADDED from src\main\AndroidManifest.xml:3:49-77
	android:xlargeScreens
		ADDED from src\main\AndroidManifest.xml:3:106-134
	android:anyDensity
		ADDED from src\main\AndroidManifest.xml:3:135-160
uses-feature#0x00020000
ADDED from src\main\AndroidManifest.xml:4:3-52
	android:glEsVersion
		ADDED from src\main\AndroidManifest.xml:4:17-49
supports-gl-texture#GL_OES_compressed_ETC1_RGB8_texture
ADDED from src\main\AndroidManifest.xml:5:3-77
	android:name
		ADDED from src\main\AndroidManifest.xml:5:24-74
application
ADDED from src\main\AndroidManifest.xml:6:3-28:17
MERGED from [:androidgoodieslib-release:] AndroidManifest.xml:11:5-17:19
MERGED from [:androidgoodieslib-release:] AndroidManifest.xml:11:5-17:19
MERGED from [:FFmpegAndroid-0.3.2:] AndroidManifest.xml:12:5-20
MERGED from [:FFmpegAndroid-0.3.2:] AndroidManifest.xml:12:5-20
	android:supportsRtl
		ADDED from [:androidgoodieslib-release:] AndroidManifest.xml:13:9-35
	android:label
		ADDED from src\main\AndroidManifest.xml:6:58-90
	android:allowBackup
		ADDED from [:androidgoodieslib-release:] AndroidManifest.xml:12:9-35
	android:icon
		ADDED from src\main\AndroidManifest.xml:6:151-182
	android:banner
		ADDED from src\main\AndroidManifest.xml:6:113-150
	android:theme
		ADDED from src\main\AndroidManifest.xml:6:16-57
	android:isGame
		ADDED from src\main\AndroidManifest.xml:6:91-112
activity#com.unity3d.player.UnityPlayerActivity
ADDED from src\main\AndroidManifest.xml:7:5-14:16
	android:screenOrientation
		ADDED from src\main\AndroidManifest.xml:7:102-140
	android:label
		ADDED from src\main\AndroidManifest.xml:7:69-101
	android:launchMode
		ADDED from src\main\AndroidManifest.xml:7:141-172
	android:hardwareAccelerated
		ADDED from src\main\AndroidManifest.xml:7:355-390
	android:configChanges
		ADDED from src\main\AndroidManifest.xml:7:173-354
	android:name
		ADDED from src\main\AndroidManifest.xml:7:15-68
intent-filter#action:name:android.intent.action.MAIN+category:name:android.intent.category.LAUNCHER+category:name:android.intent.category.LEANBACK_LAUNCHER
ADDED from src\main\AndroidManifest.xml:8:7-12:23
action#android.intent.action.MAIN
ADDED from src\main\AndroidManifest.xml:9:9-61
	android:name
		ADDED from src\main\AndroidManifest.xml:9:17-58
category#android.intent.category.LAUNCHER
ADDED from src\main\AndroidManifest.xml:10:9-69
	android:name
		ADDED from src\main\AndroidManifest.xml:10:19-66
category#android.intent.category.LEANBACK_LAUNCHER
ADDED from src\main\AndroidManifest.xml:11:9-78
	android:name
		ADDED from src\main\AndroidManifest.xml:11:19-75
meta-data#unityplayer.UnityActivity
ADDED from src\main\AndroidManifest.xml:13:7-82
	android:value
		ADDED from src\main\AndroidManifest.xml:13:59-79
	android:name
		ADDED from src\main\AndroidManifest.xml:13:18-58
provider#com.deadmosquitogames.multipicker.utils.AMPFileProvider
ADDED from src\main\AndroidManifest.xml:16:5-18:16
	android:grantUriPermissions
		ADDED from src\main\AndroidManifest.xml:16:199-233
	android:authorities
		ADDED from src\main\AndroidManifest.xml:16:86-173
	android:exported
		ADDED from src\main\AndroidManifest.xml:16:174-198
	android:name
		ADDED from src\main\AndroidManifest.xml:16:15-85
meta-data#android.support.FILE_PROVIDER_PATHS
ADDED from src\main\AndroidManifest.xml:17:7-101
	android:resource
		ADDED from src\main\AndroidManifest.xml:17:69-98
	android:name
		ADDED from src\main\AndroidManifest.xml:17:18-68
receiver#com.deadmosquitogames.notifications.GoodiesNotificationManager
ADDED from src\main\AndroidManifest.xml:20:5-95
	android:name
		ADDED from src\main\AndroidManifest.xml:20:15-92
meta-data#unity.build-id
ADDED from src\main\AndroidManifest.xml:25:5-101
	android:value
		ADDED from src\main\AndroidManifest.xml:25:46-98
	android:name
		ADDED from src\main\AndroidManifest.xml:25:16-45
meta-data#unity.splash-mode
ADDED from src\main\AndroidManifest.xml:26:5-69
	android:value
		ADDED from src\main\AndroidManifest.xml:26:49-66
	android:name
		ADDED from src\main\AndroidManifest.xml:26:16-48
meta-data#unity.splash-enable
ADDED from src\main\AndroidManifest.xml:27:5-74
	android:value
		ADDED from src\main\AndroidManifest.xml:27:51-71
	android:name
		ADDED from src\main\AndroidManifest.xml:27:16-50
uses-permission#android.permission.INTERNET
ADDED from src\main\AndroidManifest.xml:30:3-65
	android:name
		ADDED from src\main\AndroidManifest.xml:30:20-62
uses-permission#android.permission.WRITE_EXTERNAL_STORAGE
ADDED from src\main\AndroidManifest.xml:31:3-79
	android:name
		ADDED from src\main\AndroidManifest.xml:31:20-76
uses-permission#android.permission.READ_EXTERNAL_STORAGE
ADDED from src\main\AndroidManifest.xml:32:3-78
	android:name
		ADDED from src\main\AndroidManifest.xml:32:20-75
uses-permission#android.permission.WRITE_SETTINGS
ADDED from src\main\AndroidManifest.xml:35:3-71
	android:name
		ADDED from src\main\AndroidManifest.xml:35:20-68
uses-permission#com.android.alarm.permission.SET_ALARM
ADDED from src\main\AndroidManifest.xml:36:3-76
	android:name
		ADDED from src\main\AndroidManifest.xml:36:20-73
uses-permission#android.permission.BLUETOOTH_ADMIN
ADDED from src\main\AndroidManifest.xml:38:3-72
	android:name
		ADDED from src\main\AndroidManifest.xml:38:20-69
uses-permission#android.permission.VIBRATE
ADDED from src\main\AndroidManifest.xml:39:3-64
	android:name
		ADDED from src\main\AndroidManifest.xml:39:20-61
uses-permission#android.permission.SET_WALLPAPER
ADDED from src\main\AndroidManifest.xml:41:3-70
	android:name
		ADDED from src\main\AndroidManifest.xml:41:20-67
uses-permission#android.permission.CALL_PHONE
ADDED from src\main\AndroidManifest.xml:43:3-67
	android:name
		ADDED from src\main\AndroidManifest.xml:43:20-64
uses-permission#android.permission.ACCESS_FINE_LOCATION
ADDED from src\main\AndroidManifest.xml:45:3-77
	android:name
		ADDED from src\main\AndroidManifest.xml:45:20-74
uses-permission#android.permission.READ_PHONE_STATE
ADDED from src\main\AndroidManifest.xml:46:3-73
	android:name
		ADDED from src\main\AndroidManifest.xml:46:20-70
uses-permission#android.permission.ACCESS_NETWORK_STATE
ADDED from src\main\AndroidManifest.xml:47:3-77
	android:name
		ADDED from src\main\AndroidManifest.xml:47:20-74
uses-permission#android.permission.ACCESS_WIFI_STATE
ADDED from src\main\AndroidManifest.xml:48:3-74
	android:name
		ADDED from src\main\AndroidManifest.xml:48:20-71
uses-permission#android.permission.CAMERA
ADDED from src\main\AndroidManifest.xml:50:3-88
	android:required
		ADDED from src\main\AndroidManifest.xml:50:61-85
	android:name
		ADDED from src\main\AndroidManifest.xml:50:20-60
uses-feature#android.hardware.camera
ADDED from src\main\AndroidManifest.xml:51:3-58
	android:name
		ADDED from src\main\AndroidManifest.xml:51:17-55
uses-permission#android.permission.FLASHLIGHT
ADDED from src\main\AndroidManifest.xml:52:3-67
	android:name
		ADDED from src\main\AndroidManifest.xml:52:20-64
uses-feature#android.hardware.camera.flash
ADDED from src\main\AndroidManifest.xml:53:3-89
	android:required
		ADDED from src\main\AndroidManifest.xml:53:62-86
	android:name
		ADDED from src\main\AndroidManifest.xml:53:17-61
uses-permission#android.permission.WRITE_CONTACTS
ADDED from src\main\AndroidManifest.xml:55:3-71
	android:name
		ADDED from src\main\AndroidManifest.xml:55:20-68
uses-permission#android.permission.READ_CALENDAR
ADDED from src\main\AndroidManifest.xml:56:3-70
	android:name
		ADDED from src\main\AndroidManifest.xml:56:20-67
uses-permission#android.permission.GET_ACCOUNTS
ADDED from src\main\AndroidManifest.xml:57:3-69
	android:name
		ADDED from src\main\AndroidManifest.xml:57:20-66
uses-permission#android.permission.READ_CONTACTS
ADDED from src\main\AndroidManifest.xml:59:3-70
	android:name
		ADDED from src\main\AndroidManifest.xml:59:20-67
uses-permission#android.permission.RECORD_AUDIO
ADDED from src\main\AndroidManifest.xml:61:3-69
	android:name
		ADDED from src\main\AndroidManifest.xml:61:20-66
uses-feature#android.hardware.location.gps
ADDED from src\main\AndroidManifest.xml:64:3-89
	android:required
		ADDED from src\main\AndroidManifest.xml:64:62-86
	android:name
		ADDED from src\main\AndroidManifest.xml:64:17-61
uses-feature#android.hardware.touchscreen
ADDED from src\main\AndroidManifest.xml:66:3-88
	android:required
		ADDED from src\main\AndroidManifest.xml:66:61-85
	android:name
		ADDED from src\main\AndroidManifest.xml:66:17-60
uses-feature#android.hardware.touchscreen.multitouch
ADDED from src\main\AndroidManifest.xml:67:3-99
	android:required
		ADDED from src\main\AndroidManifest.xml:67:72-96
	android:name
		ADDED from src\main\AndroidManifest.xml:67:17-71
uses-feature#android.hardware.touchscreen.multitouch.distinct
ADDED from src\main\AndroidManifest.xml:68:3-108
	android:required
		ADDED from src\main\AndroidManifest.xml:68:81-105
	android:name
		ADDED from src\main\AndroidManifest.xml:68:17-80
uses-feature#android.hardware.microphone
ADDED from src\main\AndroidManifest.xml:69:3-87
	android:required
		ADDED from src\main\AndroidManifest.xml:69:60-84
	android:name
		ADDED from src\main\AndroidManifest.xml:69:17-59
uses-sdk
INJECTED from src\main\AndroidManifest.xml reason: use-sdk injection requested
INJECTED from src\main\AndroidManifest.xml
INJECTED from src\main\AndroidManifest.xml
MERGED from [:androidgoodieslib-release:] AndroidManifest.xml:7:5-9:41
MERGED from [:androidgoodieslib-release:] AndroidManifest.xml:7:5-9:41
MERGED from [:FFmpegAndroid-0.3.2:] AndroidManifest.xml:8:5-10:41
MERGED from [:FFmpegAndroid-0.3.2:] AndroidManifest.xml:8:5-10:41
MERGED from [:unity-android-resources] AndroidManifest.xml:7:5-47
MERGED from [:unity-android-resources] AndroidManifest.xml:7:5-47
INJECTED from src\main\AndroidManifest.xml
INJECTED from src\main\AndroidManifest.xml
	android:targetSdkVersion
		INJECTED from src\main\AndroidManifest.xml
		ADDED from src\main\AndroidManifest.xml
		INJECTED from src\main\AndroidManifest.xml
	android:minSdkVersion
		INJECTED from src\main\AndroidManifest.xml
		ADDED from src\main\AndroidManifest.xml
		MERGED from src\main\AndroidManifest.xml
		INJECTED from src\main\AndroidManifest.xml
activity#com.deadmosquitogames.AndroidGoodiesActivity
ADDED from [:androidgoodieslib-release:] AndroidManifest.xml:14:9-16:75
	android:theme
		ADDED from [:androidgoodieslib-release:] AndroidManifest.xml:16:13-72
	android:name
		ADDED from [:androidgoodieslib-release:] AndroidManifest.xml:15:13-72